\BOOKMARK [0][-]{chapter.1}{\376\377\000I\000n\000t\000r\000o\000d\000u\000c\000t\000i\000o\000n}{}% 1
\BOOKMARK [1][-]{section.1.1}{\376\377\000S\000e\000t\000t\000i\000n\000g}{chapter.1}% 2
\BOOKMARK [1][-]{section.1.2}{\376\377\000C\000o\000l\000l\000i\000s\000i\000o\000n\000s\000\040\000a\000n\000d\000\040\000N\000o\000n\000-\000h\000o\000l\000o\000n\000o\000m\000y}{chapter.1}% 3
\BOOKMARK [1][-]{section.1.3}{\376\377\000P\000a\000r\000t\000i\000c\000l\000e\000s\000\040\000a\000n\000d\000\040\000H\000o\000l\000o\000n\000o\000m\000i\000z\000a\000t\000i\000o\000n}{chapter.1}% 4
\BOOKMARK [1][-]{section.1.4}{\376\377\000O\000r\000b\000i\000t\000s}{chapter.1}% 5
\BOOKMARK [0][-]{chapter.2}{\376\377\000E\000q\000u\000a\000t\000i\000o\000n\000s}{}% 6
\BOOKMARK [1][-]{section.2.1}{\376\377\000E\000q\000u\000a\000t\000i\000o\000n\000s\000\040\000o\000f\000\040\000m\000o\000t\000i\000o\000n}{chapter.2}% 7
\BOOKMARK [1][-]{section.2.2}{\376\377\000C\000o\000n\000s\000e\000r\000v\000e\000d\000\040\000q\000u\000a\000n\000t\000i\000t\000i\000e\000s}{chapter.2}% 8
\BOOKMARK [1][-]{section.2.3}{\376\377\000L\000y\000a\000p\000u\000n\000o\000v\000\040\000S\000t\000a\000b\000i\000l\000i\000t\000y}{chapter.2}% 9
\BOOKMARK [2][-]{subsection.2.3.1}{\376\377\000A\000\040\000M\000a\000t\000r\000i\000x}{section.2.3}% 10
\BOOKMARK [0][-]{chapter.3}{\376\377\000A\000n\000a\000l\000y\000s\000i\000s}{}% 11
\BOOKMARK [0][-]{chapter.4}{\376\377\000C\000o\000m\000p\000u\000t\000a\000t\000i\000o\000n\000s}{}% 12
\BOOKMARK [1][-]{section.4.1}{\376\377\000C\000o\000m\000p\000u\000t\000a\000t\000i\000o\000n\000a\000l\000\040\000m\000e\000t\000h\000o\000d\000s}{chapter.4}% 13
\BOOKMARK [1][-]{section.4.2}{\376\377\000R\000e\000s\000u\000l\000t\000s\000\040\000/\000\040\000C\000o\000m\000p\000a\000r\000i\000s\000o\000n\000s}{chapter.4}% 14
\BOOKMARK [0][-]{chapter.5}{\376\377\000C\000o\000n\000c\000l\000u\000s\000i\000o\000n\000s}{}% 15
\BOOKMARK [0][-]{chapter.6}{\376\377\000A\000p\000p\000e\000n\000d\000i\000x\000\040\000A\000:\000\040\000G\000e\000n\000e\000r\000a\000l\000\040\000N\000-\000b\000o\000d\000y\000\040\000P\000r\000o\000b\000l\000e\000m}{}% 16
\BOOKMARK [1][-]{section.6.1}{\376\377\000R\000e\000l\000a\000t\000i\000o\000n\000a\000l\000\040\000S\000e\000t\000t\000i\000n\000g}{chapter.6}% 17
\BOOKMARK [2][-]{subsection.6.1.1}{\376\377\000S\000t\000a\000t\000e\000s\000,\000\040\000C\000o\000n\000f\000i\000g\000u\000r\000a\000t\000i\000o\000n\000s\000\040\000a\000n\000d\000\040\000P\000o\000s\000i\000t\000i\000o\000n\000s}{section.6.1}% 18
\BOOKMARK [2][-]{subsection.6.1.2}{\376\377\000P\000h\000i\000l\000o\000s\000o\000p\000h\000y}{section.6.1}% 19
\BOOKMARK [2][-]{subsection.6.1.3}{\376\377\000C\000o\000n\000f\000i\000g\000u\000r\000a\000t\000i\000o\000n\000\040\000S\000p\000a\000c\000e}{section.6.1}% 20
\BOOKMARK [1][-]{section.6.2}{\376\377\000S\000o\000m\000e\000\040\000C\000l\000a\000s\000s\000i\000f\000i\000c\000a\000t\000i\000o\000n\000s\000\040\000o\000f\000\040\000S\000y\000s\000t\000e\000m\000s}{chapter.6}% 21
\BOOKMARK [1][-]{section.6.3}{\376\377\000L\000o\000o\000p\000\040\000S\000p\000a\000c\000e\000s}{chapter.6}% 22
\BOOKMARK [2][-]{subsection.6.3.1}{\376\377\000B\000a\000s\000e\000d\000,\000\040\000U\000n\000b\000a\000s\000e\000d\000\040\000a\000n\000d\000\040\000F\000r\000e\000e\000\040\000L\000o\000o\000p\000\040\000S\000p\000a\000c\000e\000s}{section.6.3}% 23
\BOOKMARK [2][-]{subsection.6.3.2}{\376\377\000C\000o\000n\000c\000a\000t\000e\000n\000a\000t\000i\000o\000n}{section.6.3}% 24
\BOOKMARK [2][-]{subsection.6.3.3}{\376\377\000R\000e\000l\000a\000t\000i\000o\000n\000s\000h\000i\000p\000\040\000W\000i\000t\000h\000\040\000S\000t\000a\000t\000e\000\040\000S\000p\000a\000c\000e\000s}{section.6.3}% 25
\BOOKMARK [2][-]{subsection.6.3.4}{\376\377\000P\000h\000i\000l\000o\000s\000o\000p\000h\000y}{section.6.3}% 26
\BOOKMARK [1][-]{section.6.4}{\376\377\000C\000o\000n\000s\000t\000r\000a\000i\000n\000t\000s}{chapter.6}% 27
\BOOKMARK [2][-]{subsection.6.4.1}{\376\377\000C\000l\000a\000s\000s\000i\000f\000i\000c\000a\000t\000i\000o\000n}{section.6.4}% 28
\BOOKMARK [2][-]{subsection.6.4.2}{\376\377\000H\000o\000m\000o\000t\000o\000p\000i\000c\000\040\000N\000o\000t\000i\000o\000n\000s}{section.6.4}% 29
\BOOKMARK [0][-]{chapter.7}{\376\377\000A\000p\000p\000e\000n\000d\000i\000x\000\040\000B\000:\000\040\000P\000y\000t\000h\000o\000n\000\040\000C\000o\000d\000e}{}% 30
